<?xml version="1.0" encoding="UTF-8"?>
<!-- Generated by org.testng.reporters.JUnitReportReporter -->
<testsuite skipped="0" hostname="KPs-HP" name="com.orangehrmlive.opensourcedemo.testsuite.ForgotPasswordTest" tests="1" failures="0" timestamp="2022-12-11T21:40:25 GMT" time="22.919" errors="0">
  <testcase name="userShouldNavigateToForgotPasswordPageSuccessfully" time="22.919" classname="com.orangehrmlive.opensourcedemo.testsuite.ForgotPasswordTest"/>
  <system-out>
    <![CDATA[Click on forgot password link Forgot your password?
Get password reset message Reset Password]]>
  </system-out>
</testsuite> <!-- com.orangehrmlive.opensourcedemo.testsuite.ForgotPasswordTest -->
