<?xml version="1.0" encoding="UTF-8"?>
<!-- Generated by org.testng.reporters.JUnitReportReporter -->
<testsuite skipped="0" hostname="KPs-HP" name="com.orangehrmlive.opensourcedemo.testsuite.LoginPageTest" tests="1" failures="0" timestamp="2022-12-11T21:40:25 GMT" time="12.292" errors="0">
  <testcase name="userShouldLoginSuccessfullyWithValidCredentials" time="12.292" classname="com.orangehrmlive.opensourcedemo.testsuite.LoginPageTest"/>
  <system-out>
    <![CDATA[Enter user name Admin
Enter password admin123
Click on login button Login
Get header title of dashboard Dashboard]]>
  </system-out>
</testsuite> <!-- com.orangehrmlive.opensourcedemo.testsuite.LoginPageTest -->
